<?xml version="1.0" encoding="UTF-8"?>
<testng-results ignored="0" total="1" passed="1" failed="0" skipped="0">
  <reporter-output>
  </reporter-output>
  <suite started-at="2023-12-13T17:43:22 IST" name="Suite" finished-at="2023-12-13T17:43:22 IST" duration-ms="34">
    <groups>
    </groups>
    <test started-at="2023-12-13T17:43:22 IST" name="Test" finished-at="2023-12-13T17:43:22 IST" duration-ms="34">
      <class name="selenium.excel2">
        <test-method signature="CopyOneWBookToOther()[pri:0, instance:selenium.excel2@1af2d44a]" started-at="2023-12-13T17:43:22 IST" name="CopyOneWBookToOther" finished-at="2023-12-13T17:43:22 IST" duration-ms="9" status="PASS">
          <reporter-output>
          </reporter-output>
        </test-method> <!-- CopyOneWBookToOther -->
      </class> <!-- selenium.excel2 -->
    </test> <!-- Test -->
  </suite> <!-- Suite -->
</testng-results>
