<?xml version="1.0" encoding="UTF-8"?>
<!-- Generated by org.testng.reporters.JUnitXMLReporter -->
<testsuite ignored="0" hostname="NOORIs-MacBook-Pro.local" failures="0" tests="4" name="Default test" time="0.058" errors="0" timestamp="2024-01-31T17:43:20 IST">
  <testcase classname="beforeAfterGroupsTestNG.Test1" name="a1" time="0.007"/>
  <testcase classname="beforeAfterGroupsTestNG.Test1" name="a2" time="0.002"/>
  <testcase classname="beforeAfterGroupsTestNG.Test1" name="a4" time="0.002"/>
  <testcase classname="beforeAfterGroupsTestNG.Test1" name="a3" time="0.001"/>
</testsuite> <!-- Default test -->
