<?xml version="1.0" encoding="UTF-8"?>
<!-- Generated by org.testng.reporters.JUnitXMLReporter -->
<testsuite ignored="7" hostname="NOORIs-MacBook-Pro.local" failures="0" tests="4" name="GRP-regression" time="0.049" errors="0" timestamp="2023-12-19T15:33:36 IST">
  <testcase classname="beforeAfterGroupsTestNG.Test1" name="a4" time="0.004"/>
  <testcase classname="beforeAfterGroupsTestNG.Test1" name="a3" time="0.001"/>
  <testcase classname="com.group.TestNG.NewTest1" name="test1" time="0.001"/>
  <testcase classname="com.group.TestNG.NewTest2" name="test6" time="0.001"/>
  <testcase classname="beforeAfterGroupsTestNG.Test1" name="a1" time="0.0">
    <ignored/>
  </testcase> <!-- a1 -->
  <testcase classname="com.group.TestNG.NewTest1" name="test3" time="0.0">
    <ignored/>
  </testcase> <!-- test3 -->
  <testcase classname="com.group.TestNG.NewTest2" name="test4" time="0.0">
    <ignored/>
  </testcase> <!-- test4 -->
  <testcase classname="com.group.TestNG.NewTest1" name="test2" time="0.0">
    <ignored/>
  </testcase> <!-- test2 -->
  <testcase classname="com.group.TestNG.NewTest2" name="test5" time="0.0">
    <ignored/>
  </testcase> <!-- test5 -->
  <testcase classname="beforeAfterGroupsTestNG.Test1" name="a2" time="0.0">
    <ignored/>
  </testcase> <!-- a2 -->
  <testcase classname="com.group.TestNG.NewTest2" name="test7" time="0.0">
    <ignored/>
  </testcase> <!-- test7 -->
</testsuite> <!-- GRP-regression -->
