<?xml version="1.0" encoding="UTF-8"?>
<testng-results ignored="0" total="1" passed="1" failed="0" skipped="0">
  <reporter-output>
  </reporter-output>
  <suite started-at="2023-12-29T13:24:08 IST" name="Default suite" finished-at="2023-12-29T13:24:59 IST" duration-ms="51173">
    <groups>
    </groups>
    <test started-at="2023-12-29T13:24:08 IST" name="Default test" finished-at="2023-12-29T13:24:59 IST" duration-ms="51173">
      <class name="com.facebook.tests.LoginTest">
        <test-method signature="loginTest()[pri:0, instance:com.facebook.tests.LoginTest@22ef9844]" started-at="2023-12-29T13:24:08 IST" name="loginTest" finished-at="2023-12-29T13:24:43 IST" duration-ms="34987" status="PASS">
          <reporter-output>
          </reporter-output>
        </test-method> <!-- loginTest -->
        <test-method is-config="true" signature="takeScreeshot(org.testng.ITestResult)[pri:0, instance:com.facebook.tests.LoginTest@22ef9844]" started-at="2023-12-29T13:24:43 IST" name="takeScreeshot" finished-at="2023-12-29T13:24:59 IST" duration-ms="16018" status="PASS">
          <params>
            <param index="0">
              <value>
                <![CDATA[[TestResult name=loginTest status=SUCCESS method=LoginTest.loginTest()[pri:0, instance:com.facebook.tests.LoginTest@22ef9844] output={null}]]]>
              </value>
            </param>
          </params>
          <reporter-output>
          </reporter-output>
        </test-method> <!-- takeScreeshot -->
        <test-method is-config="true" signature="closeLoginPage()[pri:0, instance:com.facebook.tests.LoginTest@22ef9844]" started-at="2023-12-29T13:24:59 IST" name="closeLoginPage" finished-at="2023-12-29T13:24:59 IST" duration-ms="130" status="PASS">
          <reporter-output>
          </reporter-output>
        </test-method> <!-- closeLoginPage -->
      </class> <!-- com.facebook.tests.LoginTest -->
    </test> <!-- Default test -->
  </suite> <!-- Default suite -->
</testng-results>
