<?xml version="1.0" encoding="UTF-8"?>
<!-- Generated by org.testng.reporters.JUnitXMLReporter -->
<testsuite ignored="3" hostname="NOORIs-MacBook-Pro.local" failures="0" tests="1" name="Test2" time="0.004" errors="0" timestamp="2024-01-31T17:00:40 IST">
  <testcase classname="com.group.TestNG.NewTest2" name="test5" time="0.001"/>
  <testcase classname="com.group.TestNG.NewTest2" name="test4" time="0.0">
    <ignored/>
  </testcase> <!-- test4 -->
  <testcase classname="com.group.TestNG.NewTest2" name="test6" time="0.0">
    <ignored/>
  </testcase> <!-- test6 -->
  <testcase classname="com.group.TestNG.NewTest2" name="test7" time="0.0">
    <ignored/>
  </testcase> <!-- test7 -->
</testsuite> <!-- Test2 -->
