<?xml version="1.0" encoding="UTF-8"?>
<!-- Generated by org.testng.reporters.JUnitXMLReporter -->
<testsuite ignored="1" hostname="NOORIs-MacBook-Pro.local" failures="0" tests="2" name="Test1" time="0.058" errors="0" timestamp="2024-01-31T17:00:40 IST">
  <testcase classname="com.group.TestNG.NewTest1" name="test1" time="0.011"/>
  <testcase classname="com.group.TestNG.NewTest1" name="test2" time="0.001"/>
  <testcase classname="com.group.TestNG.NewTest1" name="test3" time="0.0">
    <ignored/>
  </testcase> <!-- test3 -->
</testsuite> <!-- Test1 -->
